<?xml version="1.0" encoding="UTF-8"?>
<!-- Generated by org.testng.reporters.JUnitReportReporter -->
<testsuite hostname="MyPC" failures="0" tests="1" name="orgorg.AlertDropDownFileUploadHandling" time="4.395" errors="0" timestamp="27 Feb 2019 21:35:25 GMT" skipped="0">
  <testcase classname="orgorg.AlertDropDownFileUploadHandling" name="test1" time="4.395"/>
</testsuite> <!-- orgorg.AlertDropDownFileUploadHandling -->
